2019-03-20T07:54:57.969Z [error] undefined
2019-03-20T16:15:59.915Z [error] E11000 duplicate key error collection: TimeKeeperIdentity.users index: email_1 dup key: { : "sum@s.s" }
2019-03-21T10:02:44.677Z [error] undefined
2019-03-21T10:03:06.017Z [error] undefined
2019-03-21T10:03:24.060Z [error] undefined
2019-03-21T15:10:07.480Z [error] E11000 duplicate key error collection: TimeKeeperIdentity.users index: email_1 dup key: { : "amelkarsic@gmail.com" }
2019-03-21T15:10:10.661Z [error] E11000 duplicate key error collection: TimeKeeperIdentity.users index: email_1 dup key: { : "amelkarsic@gmail.com" }
2019-03-21T15:10:18.223Z [error] undefined
2019-03-21T15:10:35.878Z [error] undefined
2019-03-21T15:29:26.985Z [error] E11000 duplicate key error collection: TimeKeeperIdentity.users index: email_1 dup key: { : "alengos@gmail.com" }
2019-03-21T15:43:25.672Z [error] undefined
2019-03-21T16:53:18.208Z [error] undefined
2019-03-21T16:54:08.057Z [error] undefined
2019-03-21T20:31:20.347Z [error] undefined
2019-03-21T20:33:44.798Z [error] undefined
2019-03-21T20:34:15.684Z [error] undefined
2019-03-21T20:34:27.941Z [error] E11000 duplicate key error collection: TimeKeeperIdentity.users index: email_1 dup key: { : "amel96karsic@hotmail.com" }
2019-03-21T20:54:32.763Z [error] undefined
2019-03-21T21:03:17.501Z [error] undefined
2019-03-21T21:03:21.236Z [error] undefined
2019-03-21T21:04:40.453Z [error] undefined
2019-03-21T21:04:43.508Z [error] undefined
2019-03-21T21:05:39.395Z [error] undefined
2019-03-21T21:06:41.763Z [error] undefined
2019-03-21T21:27:09.483Z [error] undefined
