2019-03-21T16:47:49.004Z [info] Method: GET, Url : /, Response: function status(code) {
  this.statusCode = code;
  return this;
}
2019-03-21T16:47:52.399Z [info] Method: GET, Url : /favicon.ico, Response: function status(code) {
  this.statusCode = code;
  return this;
}
2019-03-21T16:47:55.748Z [info] Method: POST, Url : /login, Response: function status(code) {
  this.statusCode = code;
  return this;
}
2019-03-21T16:47:55.803Z [info] Method: GET, Url : /adminPanel, Response: function status(code) {
  this.statusCode = code;
  return this;
}
2019-03-21T16:48:00.144Z [info] Method: GET, Url : /userSelfEdit/5c93b7c768fefc10fca6ba0b, Response: function status(code) {
  this.statusCode = code;
  return this;
}
2019-03-21T16:48:01.521Z [info] Method: GET, Url : /adminPanel, Response: function status(code) {
  this.statusCode = code;
  return this;
}
2019-03-21T16:48:02.519Z [info] Method: GET, Url : /adminUserView, Response: function status(code) {
  this.statusCode = code;
  return this;
}
2019-03-21T16:48:03.605Z [info] Method: GET, Url : /adminPanel, Response: function status(code) {
  this.statusCode = code;
  return this;
}
2019-03-21T16:48:05.748Z [info] Method: GET, Url : /clients, Response: function status(code) {
  this.statusCode = code;
  return this;
}
2019-03-21T16:48:07.121Z [info] Method: GET, Url : /adminPanel, Response: function status(code) {
  this.statusCode = code;
  return this;
}
2019-03-21T16:48:07.507Z [info] Method: GET, Url : /adminUserView, Response: function status(code) {
  this.statusCode = code;
  return this;
}
2019-03-21T16:48:08.332Z [info] Method: GET, Url : /adminPanel, Response: function status(code) {
  this.statusCode = code;
  return this;
}
2019-03-21T16:48:11.498Z [info] Method: GET, Url : /adminUserView, Response: function status(code) {
  this.statusCode = code;
  return this;
}
2019-03-21T16:48:12.257Z [info] Method: GET, Url : /clients, Response: function status(code) {
  this.statusCode = code;
  return this;
}
